mode: set
github.com/chaosvermittlung/funkloch-server/db/v100/db100.go:16.47,19.16 3 1
github.com/chaosvermittlung/funkloch-server/db/v100/db100.go:22.2,22.13 1 1
github.com/chaosvermittlung/funkloch-server/db/v100/db100.go:19.16,21.3 1 0
github.com/chaosvermittlung/funkloch-server/db/v100/db100.go:25.39,26.20 1 1
github.com/chaosvermittlung/funkloch-server/db/v100/db100.go:27.2,29.17 2 1
github.com/chaosvermittlung/funkloch-server/db/v100/db100.go:32.3,32.11 1 1
github.com/chaosvermittlung/funkloch-server/db/v100/db100.go:36.3,37.17 2 1
github.com/chaosvermittlung/funkloch-server/db/v100/db100.go:40.3,41.17 2 1
github.com/chaosvermittlung/funkloch-server/db/v100/db100.go:45.3,51.17 7 1
github.com/chaosvermittlung/funkloch-server/db/v100/db100.go:54.3,57.17 3 1
github.com/chaosvermittlung/funkloch-server/db/v100/db100.go:60.3,62.17 3 1
github.com/chaosvermittlung/funkloch-server/db/v100/db100.go:65.2,66.49 1 0
github.com/chaosvermittlung/funkloch-server/db/v100/db100.go:29.17,31.4 1 0
github.com/chaosvermittlung/funkloch-server/db/v100/db100.go:32.11,35.4 2 0
github.com/chaosvermittlung/funkloch-server/db/v100/db100.go:37.17,39.4 1 0
github.com/chaosvermittlung/funkloch-server/db/v100/db100.go:41.17,44.4 2 0
github.com/chaosvermittlung/funkloch-server/db/v100/db100.go:51.17,53.4 1 0
github.com/chaosvermittlung/funkloch-server/db/v100/db100.go:57.17,59.4 1 0
github.com/chaosvermittlung/funkloch-server/db/v100/db100.go:62.17,64.4 1 0
github.com/chaosvermittlung/funkloch-server/db/v100/db100.go:86.47,87.16 1 1
github.com/chaosvermittlung/funkloch-server/db/v100/db100.go:87.16,89.3 1 1
github.com/chaosvermittlung/funkloch-server/db/v100/db100.go:89.3,91.3 1 0
github.com/chaosvermittlung/funkloch-server/db/v100/db100.go:94.51,99.2 4 1
github.com/chaosvermittlung/funkloch-server/db/v100/db100.go:101.33,105.2 3 1
github.com/chaosvermittlung/funkloch-server/db/v100/db100.go:107.45,110.2 2 1
github.com/chaosvermittlung/funkloch-server/db/v100/db100.go:112.35,115.2 2 1
github.com/chaosvermittlung/funkloch-server/db/v100/db100.go:117.37,119.23 2 1
github.com/chaosvermittlung/funkloch-server/db/v100/db100.go:126.2,127.19 2 1
github.com/chaosvermittlung/funkloch-server/db/v100/db100.go:130.2,130.12 1 1
github.com/chaosvermittlung/funkloch-server/db/v100/db100.go:119.23,121.17 2 1
github.com/chaosvermittlung/funkloch-server/db/v100/db100.go:124.3,124.17 1 1
github.com/chaosvermittlung/funkloch-server/db/v100/db100.go:121.17,123.4 1 0
github.com/chaosvermittlung/funkloch-server/db/v100/db100.go:127.19,129.3 1 1
github.com/chaosvermittlung/funkloch-server/db/v100/db100.go:133.31,136.2 2 1
github.com/chaosvermittlung/funkloch-server/db/v100/db100.go:138.31,140.16 2 1
github.com/chaosvermittlung/funkloch-server/db/v100/db100.go:144.2,145.16 2 1
github.com/chaosvermittlung/funkloch-server/db/v100/db100.go:149.2,151.12 2 1
github.com/chaosvermittlung/funkloch-server/db/v100/db100.go:140.16,143.3 2 0
github.com/chaosvermittlung/funkloch-server/db/v100/db100.go:145.16,148.3 2 0
github.com/chaosvermittlung/funkloch-server/db/v100/db100.go:154.31,157.2 2 1
github.com/chaosvermittlung/funkloch-server/db/v100/db100.go:166.32,168.16 2 1
github.com/chaosvermittlung/funkloch-server/db/v100/db100.go:172.2,173.16 2 1
github.com/chaosvermittlung/funkloch-server/db/v100/db100.go:177.2,178.12 2 1
github.com/chaosvermittlung/funkloch-server/db/v100/db100.go:168.16,171.3 2 0
github.com/chaosvermittlung/funkloch-server/db/v100/db100.go:173.16,176.3 2 0
github.com/chaosvermittlung/funkloch-server/db/v100/db100.go:181.35,185.2 3 1
github.com/chaosvermittlung/funkloch-server/db/v100/db100.go:187.36,190.2 2 1
github.com/chaosvermittlung/funkloch-server/db/v100/db100.go:192.44,197.2 4 1
github.com/chaosvermittlung/funkloch-server/db/v100/db100.go:199.32,202.2 2 1
github.com/chaosvermittlung/funkloch-server/db/v100/db100.go:204.32,207.2 2 1
github.com/chaosvermittlung/funkloch-server/db/v100/db100.go:209.54,213.2 3 0
github.com/chaosvermittlung/funkloch-server/db/v100/db100.go:215.51,219.2 3 0
github.com/chaosvermittlung/funkloch-server/db/v100/db100.go:226.36,228.16 2 0
github.com/chaosvermittlung/funkloch-server/db/v100/db100.go:232.2,233.16 2 0
github.com/chaosvermittlung/funkloch-server/db/v100/db100.go:237.2,238.12 2 0
github.com/chaosvermittlung/funkloch-server/db/v100/db100.go:228.16,231.3 2 0
github.com/chaosvermittlung/funkloch-server/db/v100/db100.go:233.16,236.3 2 0
github.com/chaosvermittlung/funkloch-server/db/v100/db100.go:241.42,245.2 3 0
github.com/chaosvermittlung/funkloch-server/db/v100/db100.go:247.40,250.2 2 0
github.com/chaosvermittlung/funkloch-server/db/v100/db100.go:252.36,255.2 2 0
github.com/chaosvermittlung/funkloch-server/db/v100/db100.go:257.36,260.2 2 0
github.com/chaosvermittlung/funkloch-server/db/v100/db100.go:268.36,270.16 2 0
github.com/chaosvermittlung/funkloch-server/db/v100/db100.go:274.2,275.16 2 0
github.com/chaosvermittlung/funkloch-server/db/v100/db100.go:279.2,280.12 2 0
github.com/chaosvermittlung/funkloch-server/db/v100/db100.go:270.16,273.3 2 0
github.com/chaosvermittlung/funkloch-server/db/v100/db100.go:275.16,278.3 2 0
github.com/chaosvermittlung/funkloch-server/db/v100/db100.go:283.40,286.2 2 0
github.com/chaosvermittlung/funkloch-server/db/v100/db100.go:288.36,291.2 2 0
github.com/chaosvermittlung/funkloch-server/db/v100/db100.go:293.36,296.2 2 0
github.com/chaosvermittlung/funkloch-server/db/v100/db100.go:298.43,302.2 3 0
github.com/chaosvermittlung/funkloch-server/db/v100/db100.go:304.50,308.2 3 0
github.com/chaosvermittlung/funkloch-server/db/v100/db100.go:310.55,313.2 2 0
github.com/chaosvermittlung/funkloch-server/db/v100/db100.go:323.32,325.16 2 0
github.com/chaosvermittlung/funkloch-server/db/v100/db100.go:329.2,330.16 2 0
github.com/chaosvermittlung/funkloch-server/db/v100/db100.go:334.2,335.12 2 0
github.com/chaosvermittlung/funkloch-server/db/v100/db100.go:325.16,328.3 2 0
github.com/chaosvermittlung/funkloch-server/db/v100/db100.go:330.16,333.3 2 0
github.com/chaosvermittlung/funkloch-server/db/v100/db100.go:338.36,341.2 2 0
github.com/chaosvermittlung/funkloch-server/db/v100/db100.go:343.32,346.2 2 0
github.com/chaosvermittlung/funkloch-server/db/v100/db100.go:348.32,351.2 2 0
github.com/chaosvermittlung/funkloch-server/db/v100/db100.go:353.60,357.2 3 0
github.com/chaosvermittlung/funkloch-server/db/v100/db100.go:359.35,363.2 3 0
github.com/chaosvermittlung/funkloch-server/db/v100/db100.go:365.36,369.2 3 0
github.com/chaosvermittlung/funkloch-server/db/v100/db100.go:377.38,379.16 2 0
github.com/chaosvermittlung/funkloch-server/db/v100/db100.go:383.2,384.16 2 0
github.com/chaosvermittlung/funkloch-server/db/v100/db100.go:388.2,389.12 2 0
github.com/chaosvermittlung/funkloch-server/db/v100/db100.go:379.16,382.3 2 0
github.com/chaosvermittlung/funkloch-server/db/v100/db100.go:384.16,387.3 2 0
github.com/chaosvermittlung/funkloch-server/db/v100/db100.go:392.47,396.2 3 0
github.com/chaosvermittlung/funkloch-server/db/v100/db100.go:398.42,401.2 2 0
github.com/chaosvermittlung/funkloch-server/db/v100/db100.go:403.38,406.2 2 0
github.com/chaosvermittlung/funkloch-server/db/v100/db100.go:408.38,411.2 2 0
github.com/chaosvermittlung/funkloch-server/db/v100/db100.go:418.42,421.2 2 0
github.com/chaosvermittlung/funkloch-server/db/v100/db100.go:423.42,426.2 2 0
github.com/chaosvermittlung/funkloch-server/db/v100/db100.go:435.39,438.2 2 0
github.com/chaosvermittlung/funkloch-server/db/v100/db100.go:440.39,443.2 2 0
github.com/chaosvermittlung/funkloch-server/db/v100/db100.go:445.39,448.2 2 0
github.com/chaosvermittlung/funkloch-server/db/v100/db100.go:455.35,457.16 2 0
github.com/chaosvermittlung/funkloch-server/db/v100/db100.go:461.2,462.16 2 0
github.com/chaosvermittlung/funkloch-server/db/v100/db100.go:466.2,467.12 2 0
github.com/chaosvermittlung/funkloch-server/db/v100/db100.go:457.16,460.3 2 0
github.com/chaosvermittlung/funkloch-server/db/v100/db100.go:462.16,465.3 2 0
github.com/chaosvermittlung/funkloch-server/db/v100/db100.go:470.41,474.2 3 0
github.com/chaosvermittlung/funkloch-server/db/v100/db100.go:476.35,479.2 2 0
github.com/chaosvermittlung/funkloch-server/db/v100/db100.go:481.35,484.2 2 0
github.com/chaosvermittlung/funkloch-server/db/v100/db100.go:486.39,489.2 2 0
github.com/chaosvermittlung/funkloch-server/db/v100/db100.go:497.39,500.2 2 0
github.com/chaosvermittlung/funkloch-server/db/v100/db100.go:502.39,505.2 2 0
github.com/chaosvermittlung/funkloch-server/db/v100/db100.go:507.39,510.2 2 0
github.com/chaosvermittlung/funkloch-server/db/v100/db100.go:528.32,530.16 2 0
github.com/chaosvermittlung/funkloch-server/db/v100/db100.go:534.2,535.16 2 0
github.com/chaosvermittlung/funkloch-server/db/v100/db100.go:539.2,540.12 2 0
github.com/chaosvermittlung/funkloch-server/db/v100/db100.go:530.16,533.3 2 0
github.com/chaosvermittlung/funkloch-server/db/v100/db100.go:535.16,538.3 2 0
github.com/chaosvermittlung/funkloch-server/db/v100/db100.go:543.35,547.2 3 0
github.com/chaosvermittlung/funkloch-server/db/v100/db100.go:549.32,552.2 2 0
github.com/chaosvermittlung/funkloch-server/db/v100/db100.go:554.32,557.2 2 0
github.com/chaosvermittlung/funkloch-server/db/v100/db100.go:559.36,562.2 2 0
